<?xml version="1.0" encoding="UTF-8" ?>
<testsuite errors="0" failures="0" hostname="LAPTOP-LRH665M3" name="org.eclipseguide.persistence.SimpleTest" skipped="0" tests="2" time="0.009" timestamp="2021-04-27T16:58:21">
  <properties>
    <property name="build.test.dir" value="build/test" />
    <property name="ant.library.dir" value="C:\Users\Killian\Documents\Uni\Second Year\Semester 2\COMP220\Labs\Case\antjunit\apache-ant-1.10.5\lib" />
    <property name="ant.file.type" value="file" />
    <property name="java.specification.version" value="13" />
    <property name="ant.project.name" value="testivy" />
    <property name="sun.cpu.isalist" value="amd64" />
    <property name="sun.jnu.encoding" value="Cp1252" />
    <property name="java.class.path" value="C:\Users\Killian\Documents\Uni\Second Year\Semester 2\COMP220\Labs\Case\antjunit\apache-ant-1.10.5\lib\ant-launcher.jar;C:\Users\Killian\Documents\Uni\Second Year\Semester 2\COMP220\Labs\Case\antjunit\lib\junit-4.12.jar;C:\Users\Killian\Documents\Uni\Second Year\Semester 2\COMP220\Labs\Case\antjunit\lib\hamcrest-core-1.3.jar;C:\Users\Killian\Documents\Uni\Second Year\Semester 2\COMP220\Labs\mybuild\.\;C:\Users\Killian\Documents\Uni\Second Year\Semester 2\COMP220\Labs\Case\antjunit\apache-ant-1.10.5\lib\ant-antlr.jar;C:\Users\Killian\Documents\Uni\Second Year\Semester 2\COMP220\Labs\Case\antjunit\apache-ant-1.10.5\lib\ant-apache-bcel.jar;C:\Users\Killian\Documents\Uni\Second Year\Semester 2\COMP220\Labs\Case\antjunit\apache-ant-1.10.5\lib\ant-apache-bsf.jar;C:\Users\Killian\Documents\Uni\Second Year\Semester 2\COMP220\Labs\Case\antjunit\apache-ant-1.10.5\lib\ant-apache-log4j.jar;C:\Users\Killian\Documents\Uni\Second Year\Semester 2\COMP220\Labs\Case\antjunit\apache-ant-1.10.5\lib\ant-apache-oro.jar;C:\Users\Killian\Documents\Uni\Second Year\Semester 2\COMP220\Labs\Case\antjunit\apache-ant-1.10.5\lib\ant-apache-regexp.jar;C:\Users\Killian\Documents\Uni\Second Year\Semester 2\COMP220\Labs\Case\antjunit\apache-ant-1.10.5\lib\ant-apache-resolver.jar;C:\Users\Killian\Documents\Uni\Second Year\Semester 2\COMP220\Labs\Case\antjunit\apache-ant-1.10.5\lib\ant-apache-xalan2.jar;C:\Users\Killian\Documents\Uni\Second Year\Semester 2\COMP220\Labs\Case\antjunit\apache-ant-1.10.5\lib\ant-commons-logging.jar;C:\Users\Killian\Documents\Uni\Second Year\Semester 2\COMP220\Labs\Case\antjunit\apache-ant-1.10.5\lib\ant-commons-net.jar;C:\Users\Killian\Documents\Uni\Second Year\Semester 2\COMP220\Labs\Case\antjunit\apache-ant-1.10.5\lib\ant-jai.jar;C:\Users\Killian\Documents\Uni\Second Year\Semester 2\COMP220\Labs\Case\antjunit\apache-ant-1.10.5\lib\ant-javamail.jar;C:\Users\Killian\Documents\Uni\Second Year\Semester 2\COMP220\Labs\Case\antjunit\apache-ant-1.10.5\lib\ant-jdepend.jar;C:\Users\Killian\Documents\Uni\Second Year\Semester 2\COMP220\Labs\Case\antjunit\apache-ant-1.10.5\lib\ant-jmf.jar;C:\Users\Killian\Documents\Uni\Second Year\Semester 2\COMP220\Labs\Case\antjunit\apache-ant-1.10.5\lib\ant-jsch.jar;C:\Users\Killian\Documents\Uni\Second Year\Semester 2\COMP220\Labs\Case\antjunit\apache-ant-1.10.5\lib\ant-junit.jar;C:\Users\Killian\Documents\Uni\Second Year\Semester 2\COMP220\Labs\Case\antjunit\apache-ant-1.10.5\lib\ant-junit4.jar;C:\Users\Killian\Documents\Uni\Second Year\Semester 2\COMP220\Labs\Case\antjunit\apache-ant-1.10.5\lib\ant-junitlauncher.jar;C:\Users\Killian\Documents\Uni\Second Year\Semester 2\COMP220\Labs\Case\antjunit\apache-ant-1.10.5\lib\ant-launcher.jar;C:\Users\Killian\Documents\Uni\Second Year\Semester 2\COMP220\Labs\Case\antjunit\apache-ant-1.10.5\lib\ant-netrexx.jar;C:\Users\Killian\Documents\Uni\Second Year\Semester 2\COMP220\Labs\Case\antjunit\apache-ant-1.10.5\lib\ant-swing.jar;C:\Users\Killian\Documents\Uni\Second Year\Semester 2\COMP220\Labs\Case\antjunit\apache-ant-1.10.5\lib\ant-testutil.jar;C:\Users\Killian\Documents\Uni\Second Year\Semester 2\COMP220\Labs\Case\antjunit\apache-ant-1.10.5\lib\ant-xz.jar;C:\Users\Killian\Documents\Uni\Second Year\Semester 2\COMP220\Labs\Case\antjunit\apache-ant-1.10.5\lib\ant.jar;C:\Users\Killian\Documents\Uni\Second Year\Semester 2\COMP220\Labs\Case\antjunit\apache-ant-1.10.5\lib\ivy-2.5.0-rc1.jar" />
    <property name="java.vm.vendor" value="Oracle Corporation" />
    <property name="sun.arch.data.model" value="64" />
    <property name="src.test.dir" value="testsrc" />
    <property name="user.variant" value="" />
    <property name="java.vendor.url" value="https://java.oracle.com/" />
    <property name="os.name" value="Windows 10" />
    <property name="java.vm.specification.version" value="13" />
    <property name="ant.file.testivy" value="C:\Users\Killian\Documents\Uni\Second Year\Semester 2\COMP220\Labs\mybuild\mybuild.xml" />
    <property name="sun.java.launcher" value="SUN_STANDARD" />
    <property name="user.country" value="GB" />
    <property name="sun.boot.library.path" value="C:\Program Files\Java\jdk-13.0.2\bin" />
    <property name="sun.java.command" value="org.apache.tools.ant.launch.Launcher -cp C:\Users\Killian\Documents\Uni\Second Year\Semester 2\COMP220\Labs\Case\antjunit\lib\junit-4.12.jar;C:\Users\Killian\Documents\Uni\Second Year\Semester 2\COMP220\Labs\Case\antjunit\lib\hamcrest-core-1.3.jar;.;; -f mybuild.xml test" />
    <property name="jdk.debug" value="release" />
    <property name="sun.cpu.endian" value="little" />
    <property name="user.home" value="C:\Users\Killian" />
    <property name="user.language" value="en" />
    <property name="sun.stderr.encoding" value="cp850" />
    <property name="java.specification.vendor" value="Oracle Corporation" />
    <property name="java.version.date" value="2020-01-14" />
    <property name="java.home" value="C:\Program Files\Java\jdk-13.0.2" />
    <property name="file.separator" value="\" />
    <property name="basedir" value="C:\Users\Killian\Documents\Uni\Second Year\Semester 2\COMP220\Labs\mybuild" />
    <property name="java.vm.compressedOopsMode" value="32-bit" />
    <property name="line.separator" value="&#xd;&#xa;" />
    <property name="sun.stdout.encoding" value="cp850" />
    <property name="ant.java.version" value="13" />
    <property name="java.vm.specification.vendor" value="Oracle Corporation" />
    <property name="java.specification.name" value="Java Platform API Specification" />
    <property name="ant.file.type.testivy" value="file" />
    <property name="user.script" value="" />
    <property name="sun.management.compiler" value="HotSpot 64-Bit Tiered Compilers" />
    <property name="java.runtime.version" value="13.0.2+8" />
    <property name="user.name" value="Killian" />
    <property name="ant.file" value="C:\Users\Killian\Documents\Uni\Second Year\Semester 2\COMP220\Labs\mybuild\mybuild.xml" />
    <property name="build.classes.dir" value="build/classes" />
    <property name="path.separator" value=";" />
    <property name="test.failed" value="true" />
    <property name="os.version" value="10.0" />
    <property name="java.runtime.name" value="OpenJDK Runtime Environment" />
    <property name="file.encoding" value="Cp1252" />
    <property name="ant.project.invoked-targets" value="test" />
    <property name="java.vm.name" value="OpenJDK 64-Bit Server VM" />
    <property name="test.reports.dir" value="build/reports" />
    <property name="ant.core.lib" value="C:\Users\Killian\Documents\Uni\Second Year\Semester 2\COMP220\Labs\Case\antjunit\apache-ant-1.10.5\lib\ant.jar" />
    <property name="build.dir" value="build" />
    <property name="java.vendor.url.bug" value="https://bugreport.java.com/bugreport/" />
    <property name="java.io.tmpdir" value="C:\Users\Killian\AppData\Local\Temp\" />
    <property name="java.version" value="13.0.2" />
    <property name="user.dir" value="C:\Users\Killian\Documents\Uni\Second Year\Semester 2\COMP220\Labs\mybuild" />
    <property name="os.arch" value="amd64" />
    <property name="java.vm.specification.name" value="Java Virtual Machine Specification" />
    <property name="ant.home" value="C:\Users\Killian\Documents\Uni\Second Year\Semester 2\COMP220\Labs\Case\antjunit\apache-ant-1.10.5" />
    <property name="sun.os.patch.level" value="" />
    <property name="ant.version" value="Apache Ant(TM) version 1.10.5 compiled on July 10 2018" />
    <property name="test.data.dir" value="build/data" />
    <property name="java.library.path" value="C:\Program Files\Java\jdk-13.0.2\bin;C:\WINDOWS\Sun\Java\bin;C:\WINDOWS\system32;C:\WINDOWS;C:\Users\Killian\Documents\Uni\Second Year\Semester 2\COMP220\Labs\Case\antjunit\apache-ant-1.10.5\bin;C:\Program Files\Common Files\Oracle\Java\javapath;C:\Program Files\Haskell\bin;C:\Program Files\Haskell Platform\8.6.5\lib\extralibs\bin;C:\Program Files\Haskell Platform\8.6.5\bin;C:\Program Files (x86)\Intel\Intel(R) Management Engine Components\iCLS\;C:\Program Files\Intel\Intel(R) Management Engine Components\iCLS\;C:\WINDOWS\system32;C:\WINDOWS;C:\WINDOWS\System32\Wbem;C:\WINDOWS\System32\WindowsPowerShell\v1.0\;C:\Program Files (x86)\Intel\Intel(R) Management Engine Components\DAL;C:\Program Files\Intel\Intel(R) Management Engine Components\DAL;C:\Program Files (x86)\Intel\Intel(R) Management Engine Components\IPT;C:\Program Files\Intel\Intel(R) Management Engine Components\IPT;C:\WINDOWS\System32\OpenSSH\;C:\Program Files\dotnet\;C:\Program Files\Microsoft SQL Server\130\Tools\Binn\;C:\Program Files\Haskell Platform\8.6.5\mingw\bin;C:\Program Files\Java\jdk-13.0.2\bin;C:\Program Files\Microsoft SQL Server\Client SDK\ODBC\170\Tools\Binn\;C:\ffmpeg\bin;C:\Program Files\Git\cmd;C:\Program Files\Java\jdk-15.0.1\bin;C:\Users\Killian\AppData\Local\Programs\Python\Python38\Scripts\;C:\Users\Killian\AppData\Local\Programs\Python\Python38\;C:\Users\Killian\Documents\Chrome Driver\chromedriver.exe;C:\Users\Killian\AppData\Local\Programs\Python\Python38\Scripts\;C:\Users\Killian\AppData\Local\Programs\Python\Python38\;C:\Program Files\MySQL\MySQL Shell 8.0\bin\;C:\Users\Killian\AppData\Roaming\cabal\bin;C:\Users\Killian\AppData\Roaming\local\bin;C:\Users\Killian\AppData\Local\Microsoft\WindowsApps;C:\Users\Killian\AppData\Local\Programs\Microsoft VS Code\bin;C:\Users\Killian\AppData\Local\Programs\Python\Python37-32;C:\Users\Killian\AppData\Local\Programs\Python\Python37-32\Scripts;C:\Users\Killian\Documents\Chrome Driver\chromedriver.exe;;." />
    <property name="java.vm.info" value="mixed mode, sharing" />
    <property name="java.vendor" value="Oracle Corporation" />
    <property name="java.vm.version" value="13.0.2+8" />
    <property name="sun.io.unicode.encoding" value="UnicodeLittle" />
    <property name="java.class.version" value="57.0" />
    <property name="src.dir" value="src" />
    <property name="ant.project.default-target" value="test-brief" />
  </properties>
  <testcase classname="org.eclipseguide.persistence.SimpleTest" name="testAdd" time="0.0" />
  <testcase classname="org.eclipseguide.persistence.SimpleTest" name="testMultiply" time="0.0" />
  <system-out><![CDATA[]]></system-out>
  <system-err><![CDATA[]]></system-err>
</testsuite>
